<?xml version="1.0" encoding="UTF-8"?>
<testng-results ignored="0" total="3" passed="3" failed="0" skipped="0">
  <reporter-output>
  </reporter-output>
  <suite started-at="2025-11-25T13:23:45 IST" name="Capstone Suite" finished-at="2025-11-25T13:24:11 IST" duration-ms="26016">
    <groups>
      <group name="cucumber">
        <method signature="AbstractTestNGCucumberTests.runScenario(io.cucumber.testng.PickleWrapper,io.cucumber.testng.FeatureWrapper)[pri:0, instance:runner.CucumberTestRunner@537f60bf]" name="runScenario" class="io.cucumber.testng.AbstractTestNGCucumberTests"/>
      </group> <!-- cucumber -->
    </groups>
    <test started-at="2025-11-25T13:23:45 IST" name="Cucumber Test" finished-at="2025-11-25T13:24:11 IST" duration-ms="26016">
      <class name="runner.CucumberTestRunner">
        <test-method is-config="true" signature="setUpClass(org.testng.ITestContext)[pri:0, instance:runner.CucumberTestRunner@537f60bf]" started-at="2025-11-25T13:23:45 IST" name="setUpClass" finished-at="2025-11-25T13:23:45 IST" duration-ms="404" status="PASS">
          <params>
            <param index="0">
              <value>
                <![CDATA[org.testng.TestRunner@3e33d73e]]>
              </value>
            </param>
          </params>
          <reporter-output>
          </reporter-output>
        </test-method> <!-- setUpClass -->
        <test-method signature="runScenario(io.cucumber.testng.PickleWrapper,io.cucumber.testng.FeatureWrapper)[pri:0, instance:runner.CucumberTestRunner@537f60bf]" started-at="2025-11-25T13:23:45 IST" name="runScenario" description="Runs Cucumber Scenarios" data-provider="scenarios" finished-at="2025-11-25T13:23:51 IST" duration-ms="5574" status="PASS">
          <params>
            <param index="0">
              <value>
                <![CDATA["User verifies WordPress homepage and navigates to Get WordPress"]]>
              </value>
            </param>
            <param index="1">
              <value>
                <![CDATA["Verify WordPress Website functionality"]]>
              </value>
            </param>
          </params>
          <reporter-output>
          </reporter-output>
        </test-method> <!-- runScenario -->
        <test-method signature="runScenario(io.cucumber.testng.PickleWrapper,io.cucumber.testng.FeatureWrapper)[pri:0, instance:runner.CucumberTestRunner@537f60bf]" started-at="2025-11-25T13:23:51 IST" name="runScenario" description="Runs Cucumber Scenarios" data-provider="scenarios" finished-at="2025-11-25T13:23:58 IST" duration-ms="6764" status="PASS">
          <params>
            <param index="0">
              <value>
                <![CDATA["User hovers over and click and verify 'Get WordPress' text"]]>
              </value>
            </param>
            <param index="1">
              <value>
                <![CDATA["Verify WordPress Website functionality"]]>
              </value>
            </param>
          </params>
          <reporter-output>
          </reporter-output>
        </test-method> <!-- runScenario -->
        <test-method signature="runScenario(io.cucumber.testng.PickleWrapper,io.cucumber.testng.FeatureWrapper)[pri:0, instance:runner.CucumberTestRunner@537f60bf]" started-at="2025-11-25T13:23:58 IST" name="runScenario" description="Runs Cucumber Scenarios" data-provider="scenarios" finished-at="2025-11-25T13:24:11 IST" duration-ms="13216" status="PASS">
          <params>
            <param index="0">
              <value>
                <![CDATA["User navigates to Community and Photo Directory and searches for an image and verifies resultsy"]]>
              </value>
            </param>
            <param index="1">
              <value>
                <![CDATA["Verify WordPress Website functionality"]]>
              </value>
            </param>
          </params>
          <reporter-output>
          </reporter-output>
        </test-method> <!-- runScenario -->
        <test-method is-config="true" signature="tearDownClass()[pri:0, instance:runner.CucumberTestRunner@537f60bf]" started-at="2025-11-25T13:24:11 IST" name="tearDownClass" finished-at="2025-11-25T13:24:11 IST" duration-ms="36" status="PASS">
          <reporter-output>
          </reporter-output>
        </test-method> <!-- tearDownClass -->
      </class> <!-- runner.CucumberTestRunner -->
    </test> <!-- Cucumber Test -->
  </suite> <!-- Capstone Suite -->
</testng-results>
