<?xml version="1.0" encoding="UTF-8"?>
<!-- Generated by org.testng.reporters.JUnitReportReporter -->
<testsuite hostname="DP" failures="0" tests="3" name="runner.CucumberTestRunner" time="25.554" errors="0" timestamp="2025-11-25T13:24:11 IST" skipped="0">
  <testcase classname="runner.CucumberTestRunner" name="runScenario" time="6.764"/>
  <system-out/>
  <testcase classname="runner.CucumberTestRunner" name="runScenario" time="5.574"/>
  <system-out/>
  <testcase classname="runner.CucumberTestRunner" name="runScenario" time="13.216"/>
  <system-out/>
</testsuite> <!-- runner.CucumberTestRunner -->
